# JRE version: Java(TM) SE Runtime Environment 18.9 (11.0.13+10) (build 11.0.13+10-LTS-370)
# Java VM: Java HotSpot(TM) 64-Bit Server VM 18.9 (11.0.13+10-LTS-370, mixed mode, tiered, compressed oops, g1 gc, windows-amd64)
Heap:
 garbage-first heap   total 372736K, used 269953K [0x0000000080000000, 0x0000000100000000)
  region size 1024K, 31 young (31744K), 1 survivors (1024K)
 Metaspace       used 110581K, capacity 116615K, committed 116864K, reserved 1150976K
  class space    used 14120K, capacity 16159K, committed 16256K, reserved 1048576K
GC Heap History (10 events):
Event: 56.106 GC heap before
{Heap before GC invocations=82 (full 0):
 garbage-first heap   total 371712K, used 317312K [0x0000000080000000, 0x0000000100000000)
  region size 1024K, 67 young (68608K), 2 survivors (2048K)
 Metaspace       used 104233K, capacity 110192K, committed 110336K, reserved 1144832K
  class space    used 13558K, capacity 15587K, committed 15616K, reserved 1048576K
}
Event: 56.109 GC heap after
{Heap after GC invocations=83 (full 0):
 garbage-first heap   total 371712K, used 251065K [0x0000000080000000, 0x0000000100000000)
  region size 1024K, 2 young (2048K), 2 survivors (2048K)
 Metaspace       used 104233K, capacity 110192K, committed 110336K, reserved 1144832K
  class space    used 13558K, capacity 15587K, committed 15616K, reserved 1048576K
}
Event: 63.420 GC heap before
{Heap before GC invocations=83 (full 0):
 garbage-first heap   total 371712K, used 317625K [0x0000000080000000, 0x0000000100000000)
  region size 1024K, 68 young (69632K), 2 survivors (2048K)
 Metaspace       used 106444K, capacity 112463K, committed 112640K, reserved 1146880K
  class space    used 13801K, capacity 15827K, committed 15872K, reserved 1048576K
}
Event: 63.427 GC heap after
{Heap after GC invocations=84 (full 0):
 garbage-first heap   total 371712K, used 256575K [0x0000000080000000, 0x0000000100000000)
  region size 1024K, 8 young (8192K), 8 survivors (8192K)
 Metaspace       used 106444K, capacity 112463K, committed 112640K, reserved 1146880K
  class space    used 13801K, capacity 15827K, committed 15872K, reserved 1048576K
}
Event: 63.563 GC heap before
{Heap before GC invocations=84 (full 0):
 garbage-first heap   total 371712K, used 284223K [0x0000000080000000, 0x0000000100000000)
  region size 1024K, 26 young (26624K), 8 survivors (8192K)
 Metaspace       used 106940K, capacity 112981K, committed 113280K, reserved 1146880K
  class space    used 13871K, capacity 15935K, committed 16000K, reserved 1048576K
}
Event: 63.569 GC heap after
{Heap after GC invocations=85 (full 0):
 garbage-first heap   total 371712K, used 261753K [0x0000000080000000, 0x0000000100000000)
  region size 1024K, 2 young (2048K), 2 survivors (2048K)
 Metaspace       used 106940K, capacity 112981K, committed 113280K, reserved 1146880K
  class space    used 13871K, capacity 15935K, committed 16000K, reserved 1048576K
}
Event: 64.683 GC heap before
{Heap before GC invocations=86 (full 0):
 garbage-first heap   total 371712K, used 370297K [0x0000000080000000, 0x0000000100000000)
  region size 1024K, 11 young (11264K), 2 survivors (2048K)
 Metaspace       used 108350K, capacity 114389K, committed 114688K, reserved 1148928K
  class space    used 13986K, capacity 16021K, committed 16128K, reserved 1048576K
}
Event: 64.687 GC heap after
{Heap after GC invocations=87 (full 0):
 garbage-first heap   total 372736K, used 251167K [0x0000000080000000, 0x0000000100000000)
  region size 1024K, 1 young (1024K), 1 survivors (1024K)
 Metaspace       used 108350K, capacity 114389K, committed 114688K, reserved 1148928K
  class space    used 13986K, capacity 16021K, committed 16128K, reserved 1048576K
}
Event: 497.969 GC heap before
{Heap before GC invocations=87 (full 0):
 garbage-first heap   total 372736K, used 267551K [0x0000000080000000, 0x0000000100000000)
  region size 1024K, 18 young (18432K), 1 survivors (1024K)
 Metaspace       used 110392K, capacity 116404K, committed 116608K, reserved 1148928K
  class space    used 14118K, capacity 16156K, committed 16256K, reserved 1048576K
}
Event: 497.975 GC heap after
{Heap after GC invocations=88 (full 0):
 garbage-first heap   total 372736K, used 241281K [0x0000000080000000, 0x0000000100000000)
  region size 1024K, 1 young (1024K), 1 survivors (1024K)
 Metaspace       used 110392K, capacity 116404K, committed 116608K, reserved 1148928K
  class space    used 14118K, capacity 16156K, committed 16256K, reserved 1048576K
}

